  [1m[36m (1.4ms)[0m  [1mCREATE TABLE "schema_migrations" ("version" varchar NOT NULL) [0m
  [1m[35m (0.1ms)[0m  select sqlite_version(*)
  [1m[36m (1.1ms)[0m  [1mCREATE UNIQUE INDEX "unique_schema_migrations" ON "schema_migrations" ("version")[0m
  [1m[35mActiveRecord::SchemaMigration Load (0.1ms)[0m  SELECT "schema_migrations".* FROM "schema_migrations"


Started GET "/" for ::1 at 2015-11-16 16:12:00 -0600
Processing by Rails::WelcomeController#index as HTML
  Rendered /Users/admin/.rvm/gems/ruby-2.1.2/gems/railties-4.2.3/lib/rails/templates/rails/welcome/index.html.erb (1.9ms)
Completed 200 OK in 48ms (Views: 36.7ms | ActiveRecord: 0.0ms)
Started GET "/hello_world" for ::1 at 2019-11-21 11:59:03 -0500
  
SyntaxError (/Users/flatironschool/Documents/mod2/rails-hello-world-lab-dc-web-102819/app/controllers/static_controller.rb:4: syntax error, unexpected end-of-input, expecting end):
  
app/controllers/static_controller.rb:4: syntax error, unexpected end-of-input, expecting end
  Rendering /Users/flatironschool/.rvm/gems/ruby-2.6.1/gems/actionpack-5.0.7.1/lib/action_dispatch/middleware/templates/rescues/diagnostics.html.erb within rescues/layout
  Rendering /Users/flatironschool/.rvm/gems/ruby-2.6.1/gems/actionpack-5.0.7.1/lib/action_dispatch/middleware/templates/rescues/_source.html.erb
  Rendered /Users/flatironschool/.rvm/gems/ruby-2.6.1/gems/actionpack-5.0.7.1/lib/action_dispatch/middleware/templates/rescues/_source.html.erb (1.9ms)
  Rendering /Users/flatironschool/.rvm/gems/ruby-2.6.1/gems/actionpack-5.0.7.1/lib/action_dispatch/middleware/templates/rescues/_trace.html.erb
  Rendered /Users/flatironschool/.rvm/gems/ruby-2.6.1/gems/actionpack-5.0.7.1/lib/action_dispatch/middleware/templates/rescues/_trace.html.erb (1.1ms)
  Rendering /Users/flatironschool/.rvm/gems/ruby-2.6.1/gems/actionpack-5.0.7.1/lib/action_dispatch/middleware/templates/rescues/_request_and_response.html.erb
  Rendered /Users/flatironschool/.rvm/gems/ruby-2.6.1/gems/actionpack-5.0.7.1/lib/action_dispatch/middleware/templates/rescues/_request_and_response.html.erb (6.9ms)
  Rendered /Users/flatironschool/.rvm/gems/ruby-2.6.1/gems/actionpack-5.0.7.1/lib/action_dispatch/middleware/templates/rescues/diagnostics.html.erb within rescues/layout (29.9ms)
Started GET "/hello_world" for ::1 at 2019-11-21 11:59:26 -0500
Processing by StaticController#hello_world as HTML
  Rendering static/hello_world.html.erb within layouts/application
  Rendered static/hello_world.html.erb within layouts/application (0.4ms)
Completed 200 OK in 362ms (Views: 361.3ms | ActiveRecord: 0.0ms)


Started GET "/hello_world" for ::1 at 2019-11-21 11:59:38 -0500
Processing by StaticController#hello_world as HTML
  Rendering static/hello_world.html.erb within layouts/application
  Rendered static/hello_world.html.erb within layouts/application (0.4ms)
Completed 200 OK in 15ms (Views: 13.2ms | ActiveRecord: 0.0ms)


Started GET "/hello_world" for ::1 at 2019-11-21 11:59:40 -0500
Processing by StaticController#hello_world as HTML
  Rendering static/hello_world.html.erb within layouts/application
  Rendered static/hello_world.html.erb within layouts/application (0.5ms)
Completed 200 OK in 36ms (Views: 35.0ms | ActiveRecord: 0.0ms)


Started GET "/hello_world" for ::1 at 2019-11-21 11:59:40 -0500
Processing by StaticController#hello_world as HTML
  Rendering static/hello_world.html.erb within layouts/application
  Rendered static/hello_world.html.erb within layouts/application (0.5ms)
Completed 200 OK in 35ms (Views: 34.5ms | ActiveRecord: 0.0ms)


Started GET "/hello_world" for ::1 at 2019-11-21 11:59:40 -0500
Processing by StaticController#hello_world as HTML
  Rendering static/hello_world.html.erb within layouts/application
  Rendered static/hello_world.html.erb within layouts/application (0.4ms)
Completed 200 OK in 27ms (Views: 26.0ms | ActiveRecord: 0.0ms)


Started GET "/hello_world" for ::1 at 2019-11-21 11:59:40 -0500
Processing by StaticController#hello_world as HTML
  Rendering static/hello_world.html.erb within layouts/application
  Rendered static/hello_world.html.erb within layouts/application (0.6ms)
Completed 200 OK in 14ms (Views: 13.5ms | ActiveRecord: 0.0ms)


Started GET "/hello_world" for ::1 at 2019-11-21 11:59:41 -0500
Processing by StaticController#hello_world as HTML
  Rendering static/hello_world.html.erb within layouts/application
  Rendered static/hello_world.html.erb within layouts/application (0.5ms)
Completed 200 OK in 13ms (Views: 12.4ms | ActiveRecord: 0.0ms)


Started GET "/hello_world" for ::1 at 2019-11-21 11:59:41 -0500
Processing by StaticController#hello_world as HTML
  Rendering static/hello_world.html.erb within layouts/application
  Rendered static/hello_world.html.erb within layouts/application (0.7ms)
Completed 200 OK in 18ms (Views: 17.7ms | ActiveRecord: 0.0ms)


Started GET "/hello_world" for ::1 at 2019-11-21 11:59:53 -0500
Processing by StaticController#hello_world as HTML
  Rendering static/hello_world.html.erb within layouts/application
  Rendered static/hello_world.html.erb within layouts/application (0.8ms)
Completed 200 OK in 18ms (Views: 16.1ms | ActiveRecord: 0.0ms)


Started GET "/hello_world" for ::1 at 2019-11-21 11:59:54 -0500
Processing by StaticController#hello_world as HTML
  Rendering static/hello_world.html.erb within layouts/application
  Rendered static/hello_world.html.erb within layouts/application (0.6ms)
Completed 200 OK in 18ms (Views: 16.3ms | ActiveRecord: 0.0ms)


Started GET "/hello_world" for ::1 at 2019-11-21 11:59:54 -0500
Processing by StaticController#hello_world as HTML
  Rendering static/hello_world.html.erb within layouts/application
  Rendered static/hello_world.html.erb within layouts/application (0.4ms)
Completed 200 OK in 16ms (Views: 15.1ms | ActiveRecord: 0.0ms)


Started GET "/hello_world" for ::1 at 2019-11-21 11:59:55 -0500
Processing by StaticController#hello_world as HTML
  Rendering static/hello_world.html.erb within layouts/application
  Rendered static/hello_world.html.erb within layouts/application (0.4ms)
Completed 200 OK in 14ms (Views: 12.8ms | ActiveRecord: 0.0ms)


Started GET "/hello_world" for ::1 at 2019-11-21 11:59:55 -0500
Processing by StaticController#hello_world as HTML
  Rendering static/hello_world.html.erb within layouts/application
  Rendered static/hello_world.html.erb within layouts/application (0.6ms)
Completed 200 OK in 17ms (Views: 15.7ms | ActiveRecord: 0.0ms)


Started GET "/hello_world" for ::1 at 2019-11-21 11:59:55 -0500
Processing by StaticController#hello_world as HTML
  Rendering static/hello_world.html.erb within layouts/application
  Rendered static/hello_world.html.erb within layouts/application (0.5ms)
Completed 200 OK in 14ms (Views: 13.0ms | ActiveRecord: 0.0ms)


Started GET "/hello_world" for ::1 at 2019-11-21 12:00:17 -0500
Processing by StaticController#hello_world as HTML
  Rendering static/hello_world.html.erb within layouts/application
  Rendered static/hello_world.html.erb within layouts/application (0.4ms)
Completed 200 OK in 17ms (Views: 15.6ms | ActiveRecord: 0.0ms)


Started GET "/hello_world" for ::1 at 2019-11-21 12:00:19 -0500
Processing by StaticController#hello_world as HTML
  Rendering static/hello_world.html.erb within layouts/application
  Rendered static/hello_world.html.erb within layouts/application (0.5ms)
Completed 200 OK in 14ms (Views: 12.9ms | ActiveRecord: 0.0ms)


Started GET "/hello_world" for ::1 at 2019-11-21 12:00:19 -0500
Processing by StaticController#hello_world as HTML
  Rendering static/hello_world.html.erb within layouts/application
  Rendered static/hello_world.html.erb within layouts/application (0.4ms)
Completed 200 OK in 12ms (Views: 11.3ms | ActiveRecord: 0.0ms)


Started GET "/hello_world" for ::1 at 2019-11-21 12:00:19 -0500
Processing by StaticController#hello_world as HTML
  Rendering static/hello_world.html.erb within layouts/application
  Rendered static/hello_world.html.erb within layouts/application (0.7ms)
Completed 200 OK in 15ms (Views: 13.2ms | ActiveRecord: 0.0ms)


Started GET "/hello_world" for ::1 at 2019-11-21 12:00:19 -0500
Processing by StaticController#hello_world as HTML
  Rendering static/hello_world.html.erb within layouts/application
  Rendered static/hello_world.html.erb within layouts/application (0.4ms)
Completed 200 OK in 14ms (Views: 12.7ms | ActiveRecord: 0.0ms)


Started GET "/hello_world" for ::1 at 2019-11-21 12:00:28 -0500
Processing by StaticController#hello_world as HTML
  Rendering static/hello_world.html.erb within layouts/application
  Rendered static/hello_world.html.erb within layouts/application (0.4ms)
Completed 200 OK in 13ms (Views: 12.2ms | ActiveRecord: 0.0ms)


Started GET "/hello_world" for ::1 at 2019-11-21 12:00:28 -0500
Processing by StaticController#hello_world as HTML
  Rendering static/hello_world.html.erb within layouts/application
  Rendered static/hello_world.html.erb within layouts/application (0.6ms)
Completed 200 OK in 15ms (Views: 13.2ms | ActiveRecord: 0.0ms)


Started GET "/hello_world" for ::1 at 2019-11-21 12:00:28 -0500
Processing by StaticController#hello_world as HTML
  Rendering static/hello_world.html.erb within layouts/application
  Rendered static/hello_world.html.erb within layouts/application (0.4ms)
Completed 200 OK in 13ms (Views: 11.2ms | ActiveRecord: 0.0ms)


Started GET "/hello_world" for ::1 at 2019-11-21 12:00:29 -0500
Processing by StaticController#hello_world as HTML
  Rendering static/hello_world.html.erb within layouts/application
  Rendered static/hello_world.html.erb within layouts/application (0.4ms)
Completed 200 OK in 12ms (Views: 10.3ms | ActiveRecord: 0.0ms)


Started GET "/hello_world" for ::1 at 2019-11-21 12:00:29 -0500
Processing by StaticController#hello_world as HTML
  Rendering static/hello_world.html.erb within layouts/application
  Rendered static/hello_world.html.erb within layouts/application (0.5ms)
Completed 200 OK in 12ms (Views: 10.8ms | ActiveRecord: 0.0ms)


Started GET "/hello_world" for ::1 at 2019-11-21 12:00:29 -0500
Processing by StaticController#hello_world as HTML
  Rendering static/hello_world.html.erb within layouts/application
  Rendered static/hello_world.html.erb within layouts/application (0.4ms)
Completed 200 OK in 14ms (Views: 11.4ms | ActiveRecord: 0.0ms)


Started GET "/hello_world" for ::1 at 2019-11-21 12:00:38 -0500
Processing by StaticController#hello_world as HTML
  Rendering static/hello_world.html.erb within layouts/application
  Rendered static/hello_world.html.erb within layouts/application (0.9ms)
Completed 200 OK in 15ms (Views: 14.1ms | ActiveRecord: 0.0ms)


Started GET "/hello_world" for ::1 at 2019-11-21 12:00:38 -0500
Processing by StaticController#hello_world as HTML
  Rendering static/hello_world.html.erb within layouts/application
  Rendered static/hello_world.html.erb within layouts/application (0.6ms)
Completed 200 OK in 12ms (Views: 10.7ms | ActiveRecord: 0.0ms)


Started GET "/hello_world" for ::1 at 2019-11-21 12:00:39 -0500
Processing by StaticController#hello_world as HTML
  Rendering static/hello_world.html.erb within layouts/application
  Rendered static/hello_world.html.erb within layouts/application (0.4ms)
Completed 200 OK in 13ms (Views: 12.5ms | ActiveRecord: 0.0ms)


Started GET "/hello_world" for ::1 at 2019-11-21 12:00:39 -0500
Processing by StaticController#hello_world as HTML
  Rendering static/hello_world.html.erb within layouts/application
  Rendered static/hello_world.html.erb within layouts/application (0.4ms)
Completed 200 OK in 14ms (Views: 11.5ms | ActiveRecord: 0.0ms)


Started GET "/hello_world" for ::1 at 2019-11-21 12:00:39 -0500
Processing by StaticController#hello_world as HTML
  Rendering static/hello_world.html.erb within layouts/application
  Rendered static/hello_world.html.erb within layouts/application (0.5ms)
Completed 200 OK in 13ms (Views: 11.7ms | ActiveRecord: 0.0ms)


Started GET "/hello_world" for ::1 at 2019-11-21 12:00:55 -0500
Processing by StaticController#hello_world as HTML
  Rendering static/hello_world.html.erb within layouts/application
  Rendered static/hello_world.html.erb within layouts/application (1.2ms)
Completed 200 OK in 236ms (Views: 227.6ms | ActiveRecord: 0.0ms)


